Release 14.7 - xst P.20131013 (nt64)
Copyright (c) 1995-2013 Xilinx, Inc.  All rights reserved.
--> Parameter TMPDIR set to xst/projnav.tmp


Total REAL time to Xst completion: 0.00 secs
Total CPU time to Xst completion: 0.16 secs
 
--> Parameter xsthdpdir set to xst


Total REAL time to Xst completion: 0.00 secs
Total CPU time to Xst completion: 0.16 secs
 
--> Reading design: main.prj

TABLE OF CONTENTS
  1) Synthesis Options Summary
  2) HDL Parsing
  3) HDL Elaboration
  4) HDL Synthesis
       4.1) HDL Synthesis Report
  5) Advanced HDL Synthesis
       5.1) Advanced HDL Synthesis Report
  6) Low Level Synthesis
  7) Partition Report
  8) Design Summary
       8.1) Primitive and Black Box Usage
       8.2) Device utilization summary
       8.3) Partition Resource Summary
       8.4) Timing Report
            8.4.1) Clock Information
            8.4.2) Asynchronous Control Signals Information
            8.4.3) Timing Summary
            8.4.4) Timing Details
            8.4.5) Cross Clock Domains Report


=========================================================================
*                      Synthesis Options Summary                        *
=========================================================================
---- Source Parameters
Input File Name                    : "main.prj"
Ignore Synthesis Constraint File   : NO

---- Target Parameters
Output File Name                   : "main"
Output Format                      : NGC
Target Device                      : xc6slx4-3-tqg144

---- Source Options
Top Module Name                    : main
Automatic FSM Extraction           : YES
FSM Encoding Algorithm             : Auto
Safe Implementation                : No
FSM Style                          : LUT
RAM Extraction                     : Yes
RAM Style                          : Auto
ROM Extraction                     : Yes
Shift Register Extraction          : YES
ROM Style                          : Auto
Resource Sharing                   : YES
Asynchronous To Synchronous        : NO
Shift Register Minimum Size        : 2
Use DSP Block                      : Auto
Automatic Register Balancing       : No

---- Target Options
LUT Combining                      : Auto
Reduce Control Sets                : Auto
Add IO Buffers                     : YES
Global Maximum Fanout              : 100000
Add Generic Clock Buffer(BUFG)     : 16
Register Duplication               : YES
Optimize Instantiated Primitives   : NO
Use Clock Enable                   : Auto
Use Synchronous Set                : Auto
Use Synchronous Reset              : Auto
Pack IO Registers into IOBs        : Auto
Equivalent register Removal        : YES

---- General Options
Optimization Goal                  : Speed
Optimization Effort                : 1
Power Reduction                    : NO
Keep Hierarchy                     : No
Netlist Hierarchy                  : As_Optimized
RTL Output                         : Yes
Global Optimization                : AllClockNets
Read Cores                         : YES
Write Timing Constraints           : NO
Cross Clock Analysis               : NO
Hierarchy Separator                : /
Bus Delimiter                      : <>
Case Specifier                     : Maintain
Slice Utilization Ratio            : 100
BRAM Utilization Ratio             : 100
DSP48 Utilization Ratio            : 100
Auto BRAM Packing                  : NO
Slice Utilization Ratio Delta      : 5

=========================================================================


=========================================================================
*                          HDL Parsing                                  *
=========================================================================
Analyzing Verilog file "E:\university\3991\fpga\homeworks\max_with_sevral_way\max_with_several_way\with_nand.v" into library work
Parsing module <with_nand>.
Analyzing Verilog file "E:\university\3991\fpga\homeworks\max_with_sevral_way\max_with_several_way\with_dataflow2.v" into library work
Parsing module <with_dataflow2>.
Analyzing Verilog file "E:\university\3991\fpga\homeworks\max_with_sevral_way\max_with_several_way\with_dataflow1.v" into library work
Parsing module <with_dataflow1>.
Analyzing Verilog file "E:\university\3991\fpga\homeworks\max_with_sevral_way\max_with_several_way\main.v" into library work
Parsing module <main>.

=========================================================================
*                            HDL Elaboration                            *
=========================================================================
WARNING:HDLCompiler:1016 - "E:\university\3991\fpga\homeworks\max_with_sevral_way\max_with_several_way\main.v" Line 24: Port out is not connected to this instance
WARNING:HDLCompiler:1016 - "E:\university\3991\fpga\homeworks\max_with_sevral_way\max_with_several_way\main.v" Line 25: Port out is not connected to this instance
WARNING:HDLCompiler:1016 - "E:\university\3991\fpga\homeworks\max_with_sevral_way\max_with_several_way\main.v" Line 26: Port E is not connected to this instance

Elaborating module <main>.
WARNING:HDLCompiler:604 - "E:\university\3991\fpga\homeworks\max_with_sevral_way\max_with_several_way\main.v" Line 24: Module instantiation should have an instance name

Elaborating module <with_nand>.
WARNING:HDLCompiler:604 - "E:\university\3991\fpga\homeworks\max_with_sevral_way\max_with_several_way\main.v" Line 25: Module instantiation should have an instance name

Elaborating module <with_dataflow1>.
WARNING:HDLCompiler:604 - "E:\university\3991\fpga\homeworks\max_with_sevral_way\max_with_several_way\main.v" Line 26: Module instantiation should have an instance name

Elaborating module <with_dataflow2>.
WARNING:HDLCompiler:552 - "E:\university\3991\fpga\homeworks\max_with_sevral_way\max_with_several_way\main.v" Line 24: Input port i0 is not connected on this instance
WARNING:HDLCompiler:552 - "E:\university\3991\fpga\homeworks\max_with_sevral_way\max_with_several_way\main.v" Line 25: Input port i0 is not connected on this instance
WARNING:HDLCompiler:552 - "E:\university\3991\fpga\homeworks\max_with_sevral_way\max_with_several_way\main.v" Line 26: Input port E[3] is not connected on this instance
WARNING:Xst:2972 - "E:\university\3991\fpga\homeworks\max_with_sevral_way\max_with_several_way\main.v" line 24. All outputs of instance <_i000001> of block <with_nand> are unconnected in block <main>. Underlying logic will be removed.
WARNING:Xst:2972 - "E:\university\3991\fpga\homeworks\max_with_sevral_way\max_with_several_way\main.v" line 25. All outputs of instance <_i000002> of block <with_dataflow1> are unconnected in block <main>. Underlying logic will be removed.
WARNING:Xst:2972 - "E:\university\3991\fpga\homeworks\max_with_sevral_way\max_with_several_way\main.v" line 26. All outputs of instance <_i000003> of block <with_dataflow2> are unconnected in block <main>. Underlying logic will be removed.

=========================================================================
*                           HDL Synthesis                               *
=========================================================================

Synthesizing Unit <main>.
    Related source file is "E:\university\3991\fpga\homeworks\max_with_sevral_way\max_with_several_way\main.v".
WARNING:Xst:2898 - Port 'i0', unconnected in block instance '_i000001', is tied to GND.
WARNING:Xst:2898 - Port 'i1', unconnected in block instance '_i000001', is tied to GND.
WARNING:Xst:2898 - Port 'i2', unconnected in block instance '_i000001', is tied to GND.
WARNING:Xst:2898 - Port 'i3', unconnected in block instance '_i000001', is tied to GND.
WARNING:Xst:2898 - Port 's1', unconnected in block instance '_i000001', is tied to GND.
WARNING:Xst:2898 - Port 's0', unconnected in block instance '_i000001', is tied to GND.
WARNING:Xst:2898 - Port 'i0', unconnected in block instance '_i000002', is tied to GND.
WARNING:Xst:2898 - Port 'i1', unconnected in block instance '_i000002', is tied to GND.
WARNING:Xst:2898 - Port 'i2', unconnected in block instance '_i000002', is tied to GND.
WARNING:Xst:2898 - Port 'i3', unconnected in block instance '_i000002', is tied to GND.
WARNING:Xst:2898 - Port 's1', unconnected in block instance '_i000002', is tied to GND.
WARNING:Xst:2898 - Port 's0', unconnected in block instance '_i000002', is tied to GND.
WARNING:Xst:2898 - Port 'E', unconnected in block instance '_i000003', is tied to GND.
WARNING:Xst:2898 - Port 'B', unconnected in block instance '_i000003', is tied to GND.
WARNING:Xst:2898 - Port 'C', unconnected in block instance '_i000003', is tied to GND.
WARNING:Xst:2898 - Port 'F', unconnected in block instance '_i000003', is tied to GND.
WARNING:Xst:2898 - Port 'S1', unconnected in block instance '_i000003', is tied to GND.
WARNING:Xst:2898 - Port 'S2', unconnected in block instance '_i000003', is tied to GND.
INFO:Xst:3210 - "E:\university\3991\fpga\homeworks\max_with_sevral_way\max_with_several_way\main.v" line 24: Output port <out> of the instance <_i000001> is unconnected or connected to loadless signal.
INFO:Xst:3210 - "E:\university\3991\fpga\homeworks\max_with_sevral_way\max_with_several_way\main.v" line 25: Output port <out> of the instance <_i000002> is unconnected or connected to loadless signal.
INFO:Xst:3210 - "E:\university\3991\fpga\homeworks\max_with_sevral_way\max_with_several_way\main.v" line 26: Output port <D> of the instance <_i000003> is unconnected or connected to loadless signal.
    Summary:
	no macro.
Unit <main> synthesized.

=========================================================================
HDL Synthesis Report

Found no macro
=========================================================================

=========================================================================
*                       Advanced HDL Synthesis                          *
=========================================================================


=========================================================================
Advanced HDL Synthesis Report

Found no macro
=========================================================================

=========================================================================
*                         Low Level Synthesis                           *
=========================================================================

Optimizing unit <main> ...

Mapping all equations...
Building and optimizing final netlist ...
Found area constraint ratio of 100 (+ 5) on block main, actual ratio is 0.

Final Macro Processing ...

=========================================================================
Final Register Report

Found no macro
=========================================================================

=========================================================================
*                           Partition Report                            *
=========================================================================

Partition Implementation Status
-------------------------------

  No Partitions were found in this design.

-------------------------------

=========================================================================
*                            Design Summary                             *
=========================================================================

Top Level Output File Name         : main.ngc

Primitive and Black Box Usage:
------------------------------

Device utilization summary:
---------------------------

Selected Device : 6slx4tqg144-3 


Slice Logic Utilization: 

Slice Logic Distribution: 
 Number of LUT Flip Flop pairs used:      0
   Number with an unused Flip Flop:       0  out of      0         
   Number with an unused LUT:             0  out of      0         
   Number of fully used LUT-FF pairs:     0  out of      0         
   Number of unique control sets:         0

IO Utilization: 
 Number of IOs:                           0
 Number of bonded IOBs:                   0  out of    102     0%  

Specific Feature Utilization:

---------------------------
Partition Resource Summary:
---------------------------

  No Partitions were found in this design.

---------------------------


=========================================================================
Timing Report

NOTE: THESE TIMING NUMBERS ARE ONLY A SYNTHESIS ESTIMATE.
      FOR ACCURATE TIMING INFORMATION PLEASE REFER TO THE TRACE REPORT
      GENERATED AFTER PLACE-and-ROUTE.

Clock Information:
------------------
No clock signals found in this design

Asynchronous Control Signals Information:
----------------------------------------
No asynchronous control signals found in this design

Timing Summary:
---------------
Speed Grade: -3

   Minimum period: No path found
   Minimum input arrival time before clock: No path found
   Maximum output required time after clock: No path found
   Maximum combinational path delay: No path found

Timing Details:
---------------
All values displayed in nanoseconds (ns)

=========================================================================

Cross Clock Domains Report:
--------------------------

=========================================================================


Total REAL time to Xst completion: 7.00 secs
Total CPU time to Xst completion: 6.25 secs
 
--> 

Total memory usage is 4494084 kilobytes

Number of errors   :    0 (   0 filtered)
Number of warnings :   30 (   0 filtered)
Number of infos    :    3 (   0 filtered)

