--------------------------------------------------------------------------------
Release 14.7 Trace  (nt64)
Copyright (c) 1995-2013 Xilinx, Inc.  All rights reserved.

C:\Xilinx\14.7\ISE_DS\ISE\bin\nt64\unwrapped\trce.exe -intstyle ise -v 3 -s 3
-n 3 -fastpaths -xml with_dataflow2.twx with_dataflow2.ncd -o
with_dataflow2.twr with_dataflow2.pcf

Design file:              with_dataflow2.ncd
Physical constraint file: with_dataflow2.pcf
Device,package,speed:     xc6slx4,tqg144,C,-3 (PRODUCTION 1.23 2013-10-13)
Report level:             verbose report

Environment Variable      Effect 
--------------------      ------ 
NONE                      No environment variables were set
--------------------------------------------------------------------------------

INFO:Timing:2698 - No timing constraints found, doing default enumeration.
INFO:Timing:3412 - To improve timing, see the Timing Closure User Guide (UG612).
INFO:Timing:2752 - To get complete path coverage, use the unconstrained paths 
   option. All paths that are not constrained will be reported in the 
   unconstrained paths section(s) of the report.
INFO:Timing:3339 - The clock-to-out numbers in this timing report are based on 
   a 50 Ohm transmission line loading model.  For the details of this model, 
   and for more information on accounting for different loading conditions, 
   please see the device datasheet.



Data Sheet report:
-----------------
All values displayed in nanoseconds (ns)

Pad to Pad
---------------+---------------+---------+
Source Pad     |Destination Pad|  Delay  |
---------------+---------------+---------+
B<0>           |D<0>           |    6.754|
B<1>           |D<1>           |    6.392|
B<2>           |D<2>           |    7.384|
B<3>           |D<3>           |    6.918|
C<0>           |D<0>           |    6.605|
C<1>           |D<1>           |    6.219|
C<2>           |D<2>           |    6.035|
C<3>           |D<3>           |    7.462|
E<0>           |D<0>           |    7.515|
E<1>           |D<1>           |    6.747|
E<2>           |D<2>           |    8.043|
E<3>           |D<3>           |    7.820|
F<0>           |D<0>           |    7.315|
F<1>           |D<1>           |    6.861|
F<2>           |D<2>           |    6.503|
F<3>           |D<3>           |    6.397|
S1             |D<0>           |    6.743|
S1             |D<1>           |    6.304|
S1             |D<2>           |    6.460|
S1             |D<3>           |    6.429|
S2             |D<0>           |    7.575|
S2             |D<1>           |    7.372|
S2             |D<2>           |    7.506|
S2             |D<3>           |    7.226|
---------------+---------------+---------+


Analysis completed Tue Oct 13 20:27:39 2020 
--------------------------------------------------------------------------------

Trace Settings:
-------------------------
Trace Settings 

Peak Memory Usage: 4554 MB



